<?xml version="1.0" encoding="UTF-8"?>
<!-- Generated by org.testng.reporters.JUnitXMLReporter -->
<testsuite hostname="APLQG8WMB9A81B" name="test1" tests="4" failures="0" timestamp="13 Oct 2018 18:45:55 GMT" time="18.242" errors="0">
  <testcase name="testShipment" time="0.467" classname="tests.WebTest"/>
  <testcase name="testShipment" time="1.146" classname="tests.WebTest"/>
  <testcase name="testShipment" time="1.107" classname="tests.WebTest"/>
  <testcase name="testShipment" time="1.161" classname="tests.WebTest"/>
</testsuite> <!-- test1 -->
