<?xml version="1.0" encoding="UTF-8"?>
<!-- Generated by org.testng.reporters.JUnitXMLReporter -->
<testsuite hostname="APLQG8WMB9A81B" name="Default test" tests="4" failures="0" timestamp="13 Oct 2018 22:15:48 GMT" time="19.194" errors="0">
  <testcase name="testShipment" time="0.47" classname="tests.WebTest"/>
  <testcase name="testShipment" time="1.129" classname="tests.WebTest"/>
  <testcase name="testShipment" time="1.122" classname="tests.WebTest"/>
  <testcase name="testShipment" time="1.123" classname="tests.WebTest"/>
</testsuite> <!-- Default test -->
