<?xml version="1.0" encoding="UTF-8"?>
<testng-results skipped="0" failed="0" total="4" passed="4">
  <reporter-output>
    <line>
      <![CDATA[<br><img src='homepage.png'height='400' width='400' /><br>]]>
    </line>
    <line>
      <![CDATA[<br><img src='newyork.png'height='400' width='400' /><br>]]>
    </line>
    <line>
      <![CDATA[<br><img src='Cochin.png'height='400' width='400' /><br>]]>
    </line>
    <line>
      <![CDATA[<br><img src='Farah.png'height='400' width='400' /><br>]]>
    </line>
  </reporter-output>
  <suite name="Default suite" duration-ms="19194" started-at="2018-10-13T22:15:29Z" finished-at="2018-10-13T22:15:48Z">
    <groups>
    </groups>
    <test name="Default test" duration-ms="19194" started-at="2018-10-13T22:15:29Z" finished-at="2018-10-13T22:15:48Z">
      <class name="tests.WebTest">
        <test-method status="PASS" signature="driverSetUp()[pri:0, instance:tests.WebTest@61832929]" name="driverSetUp" is-config="true" duration-ms="4100" started-at="2018-10-13T15:15:30Z" finished-at="2018-10-13T15:15:34Z">
          <reporter-output>
          </reporter-output>
        </test-method> <!-- driverSetUp -->
        <test-method status="PASS" signature="testShipment(java.lang.String, java.lang.String, java.lang.String, java.lang.String, java.lang.String)[pri:0, instance:tests.WebTest@61832929]" name="testShipment" duration-ms="470" started-at="2018-10-13T15:15:34Z" data-provider="shipmentData" finished-at="2018-10-13T15:15:34Z">
          <params>
            <param index="0">
              <value>
                <![CDATA[Origin Port]]>
              </value>
            </param>
            <param index="1">
              <value>
                <![CDATA[Destination Port]]>
              </value>
            </param>
            <param index="2">
              <value>
                <![CDATA[Rail Mode Charge]]>
              </value>
            </param>
            <param index="3">
              <value>
                <![CDATA[Road Mode Charge]]>
              </value>
            </param>
            <param index="4">
              <value>
                <![CDATA[Air Mode Charge]]>
              </value>
            </param>
          </params>
          <reporter-output>
            <line>
              <![CDATA[<br><img src='homepage.png'height='400' width='400' /><br>]]>
            </line>
          </reporter-output>
        </test-method> <!-- testShipment -->
        <test-method status="PASS" signature="setCloseDriver()[pri:0, instance:tests.WebTest@61832929]" name="setCloseDriver" is-config="true" duration-ms="586" started-at="2018-10-13T15:15:34Z" finished-at="2018-10-13T15:15:35Z">
          <reporter-output>
          </reporter-output>
        </test-method> <!-- setCloseDriver -->
        <test-method status="PASS" signature="driverSetUp()[pri:0, instance:tests.WebTest@61832929]" name="driverSetUp" is-config="true" duration-ms="2792" started-at="2018-10-13T15:15:35Z" finished-at="2018-10-13T15:15:38Z">
          <reporter-output>
          </reporter-output>
        </test-method> <!-- driverSetUp -->
        <test-method status="PASS" signature="testShipment(java.lang.String, java.lang.String, java.lang.String, java.lang.String, java.lang.String)[pri:0, instance:tests.WebTest@61832929]" name="testShipment" duration-ms="1129" started-at="2018-10-13T15:15:38Z" data-provider="shipmentData" finished-at="2018-10-13T15:15:39Z">
          <params>
            <param index="0">
              <value>
                <![CDATA[Mumbai]]>
              </value>
            </param>
            <param index="1">
              <value>
                <![CDATA[New York]]>
              </value>
            </param>
            <param index="2">
              <value>
                <![CDATA[18000.0]]>
              </value>
            </param>
            <param index="3">
              <value>
                <![CDATA[10000.0]]>
              </value>
            </param>
            <param index="4">
              <value>
                <![CDATA[20000.0]]>
              </value>
            </param>
          </params>
          <reporter-output>
            <line>
              <![CDATA[<br><img src='newyork.png'height='400' width='400' /><br>]]>
            </line>
          </reporter-output>
        </test-method> <!-- testShipment -->
        <test-method status="PASS" signature="setCloseDriver()[pri:0, instance:tests.WebTest@61832929]" name="setCloseDriver" is-config="true" duration-ms="603" started-at="2018-10-13T15:15:39Z" finished-at="2018-10-13T15:15:39Z">
          <reporter-output>
          </reporter-output>
        </test-method> <!-- setCloseDriver -->
        <test-method status="PASS" signature="driverSetUp()[pri:0, instance:tests.WebTest@61832929]" name="driverSetUp" is-config="true" duration-ms="2779" started-at="2018-10-13T15:15:39Z" finished-at="2018-10-13T15:15:42Z">
          <reporter-output>
          </reporter-output>
        </test-method> <!-- driverSetUp -->
        <test-method status="PASS" signature="testShipment(java.lang.String, java.lang.String, java.lang.String, java.lang.String, java.lang.String)[pri:0, instance:tests.WebTest@61832929]" name="testShipment" duration-ms="1122" started-at="2018-10-13T15:15:42Z" data-provider="shipmentData" finished-at="2018-10-13T15:15:43Z">
          <params>
            <param index="0">
              <value>
                <![CDATA[Mumbai]]>
              </value>
            </param>
            <param index="1">
              <value>
                <![CDATA[Cochin]]>
              </value>
            </param>
            <param index="2">
              <value>
                <![CDATA[2000.0]]>
              </value>
            </param>
            <param index="3">
              <value>
                <![CDATA[30000.0]]>
              </value>
            </param>
            <param index="4">
              <value>
                <![CDATA[5000.0]]>
              </value>
            </param>
          </params>
          <reporter-output>
            <line>
              <![CDATA[<br><img src='Cochin.png'height='400' width='400' /><br>]]>
            </line>
          </reporter-output>
        </test-method> <!-- testShipment -->
        <test-method status="PASS" signature="setCloseDriver()[pri:0, instance:tests.WebTest@61832929]" name="setCloseDriver" is-config="true" duration-ms="580" started-at="2018-10-13T15:15:43Z" finished-at="2018-10-13T15:15:44Z">
          <reporter-output>
          </reporter-output>
        </test-method> <!-- setCloseDriver -->
        <test-method status="PASS" signature="driverSetUp()[pri:0, instance:tests.WebTest@61832929]" name="driverSetUp" is-config="true" duration-ms="2770" started-at="2018-10-13T15:15:44Z" finished-at="2018-10-13T15:15:47Z">
          <reporter-output>
          </reporter-output>
        </test-method> <!-- driverSetUp -->
        <test-method status="PASS" signature="testShipment(java.lang.String, java.lang.String, java.lang.String, java.lang.String, java.lang.String)[pri:0, instance:tests.WebTest@61832929]" name="testShipment" duration-ms="1123" started-at="2018-10-13T15:15:47Z" data-provider="shipmentData" finished-at="2018-10-13T15:15:48Z">
          <params>
            <param index="0">
              <value>
                <![CDATA[Cochin]]>
              </value>
            </param>
            <param index="1">
              <value>
                <![CDATA[Farah]]>
              </value>
            </param>
            <param index="2">
              <value>
                <![CDATA[16000.0]]>
              </value>
            </param>
            <param index="3">
              <value>
                <![CDATA[18000.0]]>
              </value>
            </param>
            <param index="4">
              <value>
                <![CDATA[19000.0]]>
              </value>
            </param>
          </params>
          <reporter-output>
            <line>
              <![CDATA[<br><img src='Farah.png'height='400' width='400' /><br>]]>
            </line>
          </reporter-output>
        </test-method> <!-- testShipment -->
        <test-method status="PASS" signature="setCloseDriver()[pri:0, instance:tests.WebTest@61832929]" name="setCloseDriver" is-config="true" duration-ms="582" started-at="2018-10-13T15:15:48Z" finished-at="2018-10-13T15:15:48Z">
          <reporter-output>
          </reporter-output>
        </test-method> <!-- setCloseDriver -->
      </class> <!-- tests.WebTest -->
    </test> <!-- Default test -->
  </suite> <!-- Default suite -->
</testng-results>
